<?xml version="1.0" encoding="UTF-8"?>
<!-- Generated by org.testng.reporters.JUnitXMLReporter -->
<testsuite ignored="4" hostname="LAPTOP-ED0VPTPQ" failures="0" tests="9" name="Grouping_Test1" time="0.075" errors="0" timestamp="2022-08-04T23:36:52 IST">
  <testcase classname="testNG.Sample11" name="test1" time="0.016"/>
  <testcase classname="testNG.Sample11" name="test2" time="0.002"/>
  <testcase classname="testNG.Sample11" name="test5" time="0.001"/>
  <testcase classname="testNG.Sample11" name="test6" time="0.002"/>
  <testcase classname="testNG.Sample11" name="test7" time="0.001"/>
  <testcase classname="testNG.Sample12" name="test10" time="0.002"/>
  <testcase classname="testNG.Sample12" name="test12" time="0.001"/>
  <testcase classname="testNG.Sample12" name="test8" time="0.001"/>
  <testcase classname="testNG.Sample12" name="test9" time="0.001"/>
  <testcase classname="testNG.Sample11" name="test3" time="0.0">
    <ignored/>
  </testcase> <!-- test3 -->
  <testcase classname="testNG.Sample12" name="test13" time="0.0">
    <ignored/>
  </testcase> <!-- test13 -->
  <testcase classname="testNG.Sample11" name="test4" time="0.0">
    <ignored/>
  </testcase> <!-- test4 -->
  <testcase classname="testNG.Sample12" name="test11" time="0.0">
    <ignored/>
  </testcase> <!-- test11 -->
</testsuite> <!-- Grouping_Test1 -->
