<?xml version="1.0" encoding="UTF-8"?>
<!-- Generated by org.testng.reporters.JUnitXMLReporter -->
<testsuite ignored="4" hostname="LAPTOP-ED0VPTPQ" failures="3" tests="3" name="Default test(failed)" time="0.045" errors="0" timestamp="2022-07-30T22:08:15 IST">
  <testcase classname="testNG.Sample10" name="test2" time="0.009">
    <failure type="java.lang.AssertionError" message="Test 2 is fail">
      <![CDATA[java.lang.AssertionError: Test 2 is fail
at testNG.Sample10.test2(Sample10.java:19)
at java.base/java.util.ArrayList.forEach(ArrayList.java:1511)
... Removed 26 stack frames]]>
    </failure>
  </testcase> <!-- test2 -->
  <testcase classname="testNG.Sample10" name="test3" time="0.001">
    <failure type="java.lang.AssertionError" message="Test 3 is fail">
      <![CDATA[java.lang.AssertionError: Test 3 is fail
at testNG.Sample10.test3(Sample10.java:27)
at java.base/java.util.ArrayList.forEach(ArrayList.java:1511)
... Removed 26 stack frames]]>
    </failure>
  </testcase> <!-- test3 -->
  <testcase classname="testNG.Sample10" name="test5" time="0.0">
    <failure type="java.lang.AssertionError" message="Test 5 is fail">
      <![CDATA[java.lang.AssertionError: Test 5 is fail
at testNG.Sample10.test5(Sample10.java:42)
at java.base/java.util.ArrayList.forEach(ArrayList.java:1511)
... Removed 26 stack frames]]>
    </failure>
  </testcase> <!-- test5 -->
  <testcase classname="testNG.Sample10" name="test7" time="0.0">
    <ignored/>
  </testcase> <!-- test7 -->
  <testcase classname="testNG.Sample10" name="test4" time="0.0">
    <ignored/>
  </testcase> <!-- test4 -->
  <testcase classname="testNG.Sample10" name="test1" time="0.0">
    <ignored/>
  </testcase> <!-- test1 -->
  <testcase classname="testNG.Sample10" name="test6" time="0.0">
    <ignored/>
  </testcase> <!-- test6 -->
</testsuite> <!-- Default test(failed) -->
