<?xml version="1.0" encoding="UTF-8"?>
<!-- Generated by org.testng.reporters.JUnitXMLReporter -->
<testsuite ignored="4" hostname="LAPTOP-ED0VPTPQ" failures="0" tests="3" name="Default test(failed)(failed)" time="0.042" errors="0" timestamp="2022-07-30T22:09:19 IST">
  <testcase classname="testNG.Sample10" name="test2" time="0.009"/>
  <testcase classname="testNG.Sample10" name="test3" time="0.001"/>
  <testcase classname="testNG.Sample10" name="test5" time="0.001"/>
  <testcase classname="testNG.Sample10" name="test7" time="0.0">
    <ignored/>
  </testcase> <!-- test7 -->
  <testcase classname="testNG.Sample10" name="test4" time="0.0">
    <ignored/>
  </testcase> <!-- test4 -->
  <testcase classname="testNG.Sample10" name="test1" time="0.0">
    <ignored/>
  </testcase> <!-- test1 -->
  <testcase classname="testNG.Sample10" name="test6" time="0.0">
    <ignored/>
  </testcase> <!-- test6 -->
</testsuite> <!-- Default test(failed)(failed) -->
