<?xml version="1.0" encoding="UTF-8"?>
<!-- Generated by org.testng.reporters.JUnitXMLReporter -->
<testsuite ignored="5" hostname="LAPTOP-ED0VPTPQ" failures="0" tests="2" name="test1" time="0.07" errors="0" timestamp="2022-08-02T23:14:01 IST">
  <testcase classname="testNG.Sample10" name="test7" time="0.015"/>
  <testcase classname="testNG.Sample10" name="test4" time="0.002"/>
  <testcase classname="testNG.Sample10" name="test2" time="0.0">
    <ignored/>
  </testcase> <!-- test2 -->
  <testcase classname="testNG.Sample10" name="test3" time="0.0">
    <ignored/>
  </testcase> <!-- test3 -->
  <testcase classname="testNG.Sample10" name="test5" time="0.0">
    <ignored/>
  </testcase> <!-- test5 -->
  <testcase classname="testNG.Sample10" name="test1" time="0.0">
    <ignored/>
  </testcase> <!-- test1 -->
  <testcase classname="testNG.Sample10" name="test6" time="0.0">
    <ignored/>
  </testcase> <!-- test6 -->
</testsuite> <!-- test1 -->
