<?xml version="1.0" encoding="UTF-8"?>
<!-- Generated by org.testng.reporters.JUnitXMLReporter -->
<testsuite ignored="0" hostname="LAPTOP-ED0VPTPQ" failures="1" tests="1" name="firefox1" time="20.28" errors="0" timestamp="2022-08-04T23:57:11 IST">
  <testcase classname="parallel_Testing_testNG.CT" name="test" time="20.245">
    <failure type="org.openqa.selenium.WebDriverException" message="java.net.ConnectException: Failed to connect to localhost/[0:0:0:0:0:0:0:1]:20499
Build info: version: &amp;apos;3.141.59&amp;apos;, revision: &amp;apos;e82be7d358&amp;apos;, time: &amp;apos;2018-11-14T08:25:48&amp;apos;
System info: host: &amp;apos;LAPTOP-ED0VPTPQ&amp;apos;, ip: &amp;apos;192.168.43.249&amp;apos;, os.name: &amp;apos;Windows 11&amp;apos;, os.arch: &amp;apos;amd64&amp;apos;, os.version: &amp;apos;10.0&amp;apos;, java.version: &amp;apos;18&amp;apos;
Driver info: driver.version: FirefoxDriver">
      <![CDATA[org.openqa.selenium.WebDriverException: java.net.ConnectException: Failed to connect to localhost/[0:0:0:0:0:0:0:1]:20499
Build info: version: '3.141.59', revision: 'e82be7d358', time: '2018-11-14T08:25:48'
System info: host: 'LAPTOP-ED0VPTPQ', ip: '192.168.43.249', os.name: 'Windows 11', os.arch: 'amd64', os.version: '10.0', java.version: '18'
Driver info: driver.version: FirefoxDriver
at org.openqa.selenium.remote.service.DriverCommandExecutor.execute(DriverCommandExecutor.java:92)
at org.openqa.selenium.remote.RemoteWebDriver.execute(RemoteWebDriver.java:552)
at org.openqa.selenium.remote.RemoteWebDriver.startSession(RemoteWebDriver.java:213)
at org.openqa.selenium.remote.RemoteWebDriver.<init>(RemoteWebDriver.java:131)
at org.openqa.selenium.firefox.FirefoxDriver.<init>(FirefoxDriver.java:147)
at org.openqa.selenium.firefox.FirefoxDriver.<init>(FirefoxDriver.java:125)
at parallel_Testing_testNG.CT.test(CT.java:36)
at java.base/java.util.ArrayList.forEach(ArrayList.java:1511)
at java.base/java.util.concurrent.FutureTask.run(FutureTask.java:264)
at java.base/java.util.concurrent.ThreadPoolExecutor.runWorker(ThreadPoolExecutor.java:1136)
at java.base/java.util.concurrent.ThreadPoolExecutor$Worker.run(ThreadPoolExecutor.java:635)
at java.base/java.lang.Thread.run(Thread.java:833)
Caused by: java.net.ConnectException: Failed to connect to localhost/[0:0:0:0:0:0:0:1]:20499
at okhttp3.internal.connection.RealConnection.connectSocket(RealConnection.java:247)
at okhttp3.internal.connection.RealConnection.connect(RealConnection.java:165)
at okhttp3.internal.connection.StreamAllocation.findConnection(StreamAllocation.java:257)
at okhttp3.internal.connection.StreamAllocation.findHealthyConnection(StreamAllocation.java:135)
at okhttp3.internal.connection.StreamAllocation.newStream(StreamAllocation.java:114)
at okhttp3.internal.connection.ConnectInterceptor.intercept(ConnectInterceptor.java:42)
at okhttp3.internal.http.RealInterceptorChain.proceed(RealInterceptorChain.java:147)
at okhttp3.internal.http.RealInterceptorChain.proceed(RealInterceptorChain.java:121)
at okhttp3.internal.cache.CacheInterceptor.intercept(CacheInterceptor.java:93)
at okhttp3.internal.http.RealInterceptorChain.proceed(RealInterceptorChain.java:147)
at okhttp3.internal.http.RealInterceptorChain.proceed(RealInterceptorChain.java:121)
at okhttp3.internal.http.BridgeInterceptor.intercept(BridgeInterceptor.java:93)
at okhttp3.internal.http.RealInterceptorChain.proceed(RealInterceptorChain.java:147)
at okhttp3.internal.http.RetryAndFollowUpInterceptor.intercept(RetryAndFollowUpInterceptor.java:126)
at okhttp3.internal.http.RealInterceptorChain.proceed(RealInterceptorChain.java:147)
at okhttp3.internal.http.RealInterceptorChain.proceed(RealInterceptorChain.java:121)
at okhttp3.RealCall.getResponseWithInterceptorChain(RealCall.java:200)
at okhttp3.RealCall.execute(RealCall.java:77)
at org.openqa.selenium.remote.internal.OkHttpClient.execute(OkHttpClient.java:103)
at org.openqa.selenium.remote.ProtocolHandshake.createSession(ProtocolHandshake.java:105)
at org.openqa.selenium.remote.ProtocolHandshake.createSession(ProtocolHandshake.java:74)
at org.openqa.selenium.remote.HttpCommandExecutor.execute(HttpCommandExecutor.java:136)
at org.openqa.selenium.remote.service.DriverCommandExecutor.execute(DriverCommandExecutor.java:83)
... 27 more
Caused by: java.net.ConnectException: Connection refused: no further information
at java.base/sun.nio.ch.Net.pollConnect(Native Method)
at java.base/sun.nio.ch.Net.pollConnectNow(Net.java:672)
at java.base/sun.nio.ch.NioSocketImpl.timedFinishConnect(NioSocketImpl.java:539)
at java.base/sun.nio.ch.NioSocketImpl.connect(NioSocketImpl.java:594)
at java.base/java.net.SocksSocketImpl.connect(SocksSocketImpl.java:327)
at java.base/java.net.Socket.connect(Socket.java:633)
at okhttp3.internal.platform.Platform.connectSocket(Platform.java:129)
at okhttp3.internal.connection.RealConnection.connectSocket(RealConnection.java:245)
... 49 more
... Removed 16 stack frames]]>
    </failure>
  </testcase> <!-- test -->
</testsuite> <!-- firefox1 -->
