<?xml version="1.0" encoding="UTF-8"?>
<testng-results ignored="0" total="1" passed="1" failed="0" skipped="0">
  <reporter-output>
  </reporter-output>
  <suite started-at="2022-08-21T14:54:10 IST" name="Default suite" finished-at="2022-08-21T14:54:10 IST" duration-ms="43">
    <groups>
    </groups>
    <test started-at="2022-08-21T14:54:10 IST" name="Default test" finished-at="2022-08-21T14:54:10 IST" duration-ms="43">
      <class name="listeners.Sample2">
        <test-method signature="test1()[pri:0, instance:listeners.Sample2@ef9296d]" started-at="2022-08-21T14:54:10 IST" name="test1" finished-at="2022-08-21T14:54:10 IST" duration-ms="10" status="PASS">
          <reporter-output>
          </reporter-output>
        </test-method> <!-- test1 -->
      </class> <!-- listeners.Sample2 -->
    </test> <!-- Default test -->
  </suite> <!-- Default suite -->
</testng-results>
